(2017-02-12 03:23:14,913) DEBUG [main] [CrcREALExecutor.startWithChunkController:52] - Registered chunk control
(2017-02-12 03:23:14,965) INFO  [main] [ChunkControl.run:61] - Execute algorithm crc.real.learner.eea with g=5, p=100, r=5, #s=4, alphabetSize=4, #t=10
(2017-02-12 03:23:14,970) DEBUG [main] [RandomUniformGenerator.rcvGenerateChallengeEvent:26] - Received generate challenge event
(2017-02-12 03:23:15,052) DEBUG [main] [PHonestOracle.rcvAnnounceTargetModelEvent:71] - Produced training data. Send initial learning event.
(2017-02-12 03:23:15,053) DEBUG [main] [AbstractActiveLearner.rcvInitialLearningEvent:150] - Received Initial Learning Event
(2017-02-12 03:23:15,057) DEBUG [main] [AbstractActiveLearner.run:49] - Execute Run for {} in round {}/{}
(2017-02-12 03:23:15,146) DEBUG [main] [AbstractActiveLearner.generateCandidateModelsStep:133] - Round #0: Estimation Generation 1
(2017-02-12 03:23:15,233) DEBUG [main] [AbstractActiveLearner.generateCandidateModelsStep:133] - Round #0: Estimation Generation 2
(2017-02-12 03:23:15,250) DEBUG [main] [AbstractActiveLearner.generateCandidateModelsStep:133] - Round #0: Estimation Generation 3
(2017-02-12 03:23:15,265) DEBUG [main] [AbstractActiveLearner.generateCandidateModelsStep:133] - Round #0: Estimation Generation 4
(2017-02-12 03:23:15,279) DEBUG [main] [AbstractActiveLearner.generateCandidateModelsStep:133] - Round #0: Estimation Generation 5
(2017-02-12 03:23:15,292) DEBUG [main] [AbstractActiveLearner.run:54] - crc.real.learner.eea Round 0 evolved models in 235ms.
(2017-02-12 03:23:15,297) DEBUG [main] [SimpleTestAlgorithm.initPopulation:55] - Initialize test population
(2017-02-12 03:23:15,305) DEBUG [main] [SimpleTestAlgorithm.initPopulation:62] - Initialized test population which has now a size of 100
(2017-02-12 03:23:15,308) DEBUG [main] [AbstractActiveLearner.generateCandidateTestsStep:128] - Round #1: Exploration Generation 1
(2017-02-12 03:23:15,331) DEBUG [main] [AbstractActiveLearner.generateCandidateTestsStep:128] - Round #1: Exploration Generation 2
(2017-02-12 03:23:15,348) DEBUG [main] [AbstractActiveLearner.generateCandidateTestsStep:128] - Round #1: Exploration Generation 3
(2017-02-12 03:23:15,360) DEBUG [main] [AbstractActiveLearner.generateCandidateTestsStep:128] - Round #1: Exploration Generation 4
(2017-02-12 03:23:15,369) DEBUG [main] [AbstractActiveLearner.generateCandidateTestsStep:128] - Round #1: Exploration Generation 5
(2017-02-12 03:23:15,376) DEBUG [main] [AbstractActiveLearner.run:66] - crc.real.learner.eea Round 1 evolved tests in 84ms.
(2017-02-12 03:23:15,376) DEBUG [main] [AbstractActiveLearner.run:68] - Send Oracle Request for generated tests
(2017-02-12 03:23:15,383) DEBUG [main] [AbstractActiveLearner.sendOracleQuery:178] - Send Event for Oracle Request
(2017-02-12 03:23:15,384) DEBUG [main] [AbstractValidator.rcvLearnerRequestEvent:41] - Received initial learning event
(2017-02-12 03:23:15,533) DEBUG [main] [ExplorationValidator.getTestData:106] - Test data created and ready to use. Max length for words: 8
(2017-02-12 03:23:17,057) DEBUG [main] [ExplorationValidator.validate:75] - Finished validation process for candidateModelList with testset size 16384 in 1524ms
(2017-02-12 03:23:18,480) DEBUG [main] [ExplorationValidator.validate:75] - Finished validation process for candidateModelList with testset size 16384 in 1422ms
(2017-02-12 03:23:19,773) DEBUG [main] [ExplorationValidator.validate:75] - Finished validation process for candidateModelList with testset size 16384 in 1292ms
(2017-02-12 03:23:21,025) DEBUG [main] [ExplorationValidator.validate:75] - Finished validation process for candidateModelList with testset size 16384 in 1251ms
(2017-02-12 03:23:22,278) DEBUG [main] [ExplorationValidator.validate:75] - Finished validation process for candidateModelList with testset size 16384 in 1253ms
(2017-02-12 03:23:23,559) DEBUG [main] [ExplorationValidator.validate:75] - Finished validation process for candidateModelList with testset size 16384 in 1280ms
(2017-02-12 03:23:23,577) DEBUG [main] [PHonestOracle.rcvOracleRequestEvent:78] - Received oracle request event de.upb.crc901.wever.crcreal.model.events.OracleRequestEvent@23d2a7e8
(2017-02-12 03:23:23,605) DEBUG [main] [AbstractActiveLearner.rcvOracleResultEvent:162] - Received oracle result event.
(2017-02-12 03:23:23,606) DEBUG [main] [AbstractActiveLearner.run:49] - Execute Run for {} in round {}/{}
(2017-02-12 03:23:23,626) DEBUG [main] [AbstractActiveLearner.generateCandidateModelsStep:133] - Round #1: Estimation Generation 1
(2017-02-12 03:23:23,636) DEBUG [main] [AbstractActiveLearner.generateCandidateModelsStep:133] - Round #1: Estimation Generation 2
(2017-02-12 03:23:23,645) DEBUG [main] [AbstractActiveLearner.generateCandidateModelsStep:133] - Round #1: Estimation Generation 3
(2017-02-12 03:23:23,652) DEBUG [main] [AbstractActiveLearner.generateCandidateModelsStep:133] - Round #1: Estimation Generation 4
(2017-02-12 03:23:23,660) DEBUG [main] [AbstractActiveLearner.generateCandidateModelsStep:133] - Round #1: Estimation Generation 5
(2017-02-12 03:23:23,667) DEBUG [main] [AbstractActiveLearner.run:54] - crc.real.learner.eea Round 1 evolved models in 61ms.
(2017-02-12 03:23:23,668) DEBUG [main] [SimpleTestAlgorithm.initPopulation:55] - Initialize test population
(2017-02-12 03:23:23,669) DEBUG [main] [SimpleTestAlgorithm.initPopulation:62] - Initialized test population which has now a size of 100
(2017-02-12 03:23:23,669) DEBUG [main] [AbstractActiveLearner.generateCandidateTestsStep:128] - Round #2: Exploration Generation 1
(2017-02-12 03:23:23,675) DEBUG [main] [AbstractActiveLearner.generateCandidateTestsStep:128] - Round #2: Exploration Generation 2
(2017-02-12 03:23:23,680) DEBUG [main] [AbstractActiveLearner.generateCandidateTestsStep:128] - Round #2: Exploration Generation 3
(2017-02-12 03:23:23,685) DEBUG [main] [AbstractActiveLearner.generateCandidateTestsStep:128] - Round #2: Exploration Generation 4
(2017-02-12 03:23:23,690) DEBUG [main] [AbstractActiveLearner.generateCandidateTestsStep:128] - Round #2: Exploration Generation 5
(2017-02-12 03:23:23,695) DEBUG [main] [AbstractActiveLearner.run:66] - crc.real.learner.eea Round 2 evolved tests in 28ms.
(2017-02-12 03:23:23,695) DEBUG [main] [AbstractActiveLearner.run:68] - Send Oracle Request for generated tests
(2017-02-12 03:23:23,696) DEBUG [main] [AbstractActiveLearner.sendOracleQuery:178] - Send Event for Oracle Request
(2017-02-12 03:23:23,696) DEBUG [main] [ExplorationValidator.rcvOracleResultEvent:112] - Received oracle result event
(2017-02-12 03:23:25,049) DEBUG [main] [ExplorationValidator.validate:75] - Finished validation process for candidateModelList with testset size 16384 in 1348ms
